[2021-08-18 23:00:25.993] [exthost] [info] extension host started
[2021-08-18 23:00:26.097] [exthost] [info] ExtensionService#_doActivateExtension vscode.microsoft-authentication {"startup":false,"extensionId":{"value":"vscode.microsoft-authentication","_lower":"vscode.microsoft-authentication"},"activationEvent":"onAuthenticationRequest:microsoft"}
[2021-08-18 23:00:26.098] [exthost] [info] ExtensionService#loadCommonJSModule file:///c:/Users/petooshkevich/AppData/Local/Programs/Microsoft VS Code/resources/app/extensions/microsoft-authentication/dist/extension.js
[2021-08-18 23:00:26.108] [exthost] [info] ExtensionService#_doActivateExtension vscode.debug-auto-launch {"startup":true,"extensionId":{"value":"vscode.debug-auto-launch","_lower":"vscode.debug-auto-launch"},"activationEvent":"*"}
[2021-08-18 23:00:26.109] [exthost] [info] ExtensionService#loadCommonJSModule file:///c:/Users/petooshkevich/AppData/Local/Programs/Microsoft VS Code/resources/app/extensions/debug-auto-launch/dist/extension
[2021-08-18 23:00:26.111] [exthost] [info] ExtensionService#_doActivateExtension vscode.git {"startup":true,"extensionId":{"value":"vscode.github","_lower":"vscode.github"},"activationEvent":"*"}
[2021-08-18 23:00:26.111] [exthost] [info] ExtensionService#loadCommonJSModule file:///c:/Users/petooshkevich/AppData/Local/Programs/Microsoft VS Code/resources/app/extensions/git/dist/main
[2021-08-18 23:00:26.126] [exthost] [info] ExtensionService#_doActivateExtension christian-kohler.path-intellisense {"startup":true,"extensionId":{"value":"christian-kohler.path-intellisense","_lower":"christian-kohler.path-intellisense"},"activationEvent":"*"}
[2021-08-18 23:00:26.126] [exthost] [info] ExtensionService#loadCommonJSModule file:///c:/Users/petooshkevich/.vscode/extensions/christian-kohler.path-intellisense-2.4.0/out/extension.js
[2021-08-18 23:00:26.142] [exthost] [info] ExtensionService#_doActivateExtension CoenraadS.bracket-pair-colorizer {"startup":true,"extensionId":{"value":"CoenraadS.bracket-pair-colorizer","_lower":"coenraads.bracket-pair-colorizer"},"activationEvent":"*"}
[2021-08-18 23:00:26.142] [exthost] [info] ExtensionService#loadCommonJSModule file:///c:/Users/petooshkevich/.vscode/extensions/coenraads.bracket-pair-colorizer-1.0.61/out/src/extension
[2021-08-18 23:00:26.158] [exthost] [info] ExtensionService#_doActivateExtension ecmel.vscode-html-css {"startup":true,"extensionId":{"value":"ecmel.vscode-html-css","_lower":"ecmel.vscode-html-css"},"activationEvent":"*"}
[2021-08-18 23:00:26.158] [exthost] [info] ExtensionService#loadCommonJSModule file:///c:/Users/petooshkevich/.vscode/extensions/ecmel.vscode-html-css-1.10.2/dist/extension.js
[2021-08-18 23:00:26.170] [exthost] [info] ExtensionService#_doActivateExtension formulahendry.auto-close-tag {"startup":true,"extensionId":{"value":"formulahendry.auto-close-tag","_lower":"formulahendry.auto-close-tag"},"activationEvent":"*"}
[2021-08-18 23:00:26.170] [exthost] [info] ExtensionService#loadCommonJSModule file:///c:/Users/petooshkevich/.vscode/extensions/formulahendry.auto-close-tag-0.5.12/out/src/extension
[2021-08-18 23:00:26.172] [exthost] [info] ExtensionService#_doActivateExtension formulahendry.auto-rename-tag {"startup":true,"extensionId":{"value":"formulahendry.auto-rename-tag","_lower":"formulahendry.auto-rename-tag"},"activationEvent":"*"}
[2021-08-18 23:00:26.172] [exthost] [info] ExtensionService#loadCommonJSModule file:///c:/Users/petooshkevich/.vscode/extensions/formulahendry.auto-rename-tag-0.1.8/packages/extension/dist/extensionMain.js
[2021-08-18 23:00:26.177] [exthost] [info] ExtensionService#_doActivateExtension kisstkondoros.vscode-gutter-preview {"startup":true,"extensionId":{"value":"kisstkondoros.vscode-gutter-preview","_lower":"kisstkondoros.vscode-gutter-preview"},"activationEvent":"*"}
[2021-08-18 23:00:26.177] [exthost] [info] ExtensionService#loadCommonJSModule file:///c:/Users/petooshkevich/.vscode/extensions/kisstkondoros.vscode-gutter-preview-0.27.1/dist/extension
[2021-08-18 23:00:26.189] [exthost] [info] ExtensionService#_doActivateExtension oderwat.indent-rainbow {"startup":true,"extensionId":{"value":"oderwat.indent-rainbow","_lower":"oderwat.indent-rainbow"},"activationEvent":"*"}
[2021-08-18 23:00:26.189] [exthost] [info] ExtensionService#loadCommonJSModule file:///c:/Users/petooshkevich/.vscode/extensions/oderwat.indent-rainbow-7.5.0/out/extension
[2021-08-18 23:00:26.191] [exthost] [info] ExtensionService#_doActivateExtension pucelle.vscode-css-navigation {"startup":true,"extensionId":{"value":"pucelle.vscode-css-navigation","_lower":"pucelle.vscode-css-navigation"},"activationEvent":"*"}
[2021-08-18 23:00:26.191] [exthost] [info] ExtensionService#loadCommonJSModule file:///c:/Users/petooshkevich/.vscode/extensions/pucelle.vscode-css-navigation-1.10.7/client/out/extension
[2021-08-18 23:00:26.225] [exthost] [info] ExtensionService#_doActivateExtension ritwickdey.LiveServer {"startup":true,"extensionId":{"value":"ritwickdey.LiveServer","_lower":"ritwickdey.liveserver"},"activationEvent":"*"}
[2021-08-18 23:00:26.225] [exthost] [info] ExtensionService#loadCommonJSModule file:///c:/Users/petooshkevich/.vscode/extensions/ritwickdey.liveserver-5.6.1/out/src/extension
[2021-08-18 23:00:26.486] [exthost] [info] ExtensionService#_doActivateExtension Shan.code-settings-sync {"startup":true,"extensionId":{"value":"Shan.code-settings-sync","_lower":"shan.code-settings-sync"},"activationEvent":"*"}
[2021-08-18 23:00:26.486] [exthost] [info] ExtensionService#loadCommonJSModule file:///c:/Users/petooshkevich/.vscode/extensions/shan.code-settings-sync-3.4.3/out/extension.js
[2021-08-18 23:00:26.660] [exthost] [info] ExtensionService#_doActivateExtension TabNine.tabnine-vscode {"startup":true,"extensionId":{"value":"TabNine.tabnine-vscode","_lower":"tabnine.tabnine-vscode"},"activationEvent":"*"}
[2021-08-18 23:00:26.660] [exthost] [info] ExtensionService#loadCommonJSModule file:///c:/Users/petooshkevich/.vscode/extensions/tabnine.tabnine-vscode-3.4.22/out/extension
[2021-08-18 23:00:26.729] [exthost] [info] ExtensionService#_doActivateExtension Zignd.html-css-class-completion {"startup":true,"extensionId":{"value":"Zignd.html-css-class-completion","_lower":"zignd.html-css-class-completion"},"activationEvent":"*"}
[2021-08-18 23:00:26.729] [exthost] [info] ExtensionService#loadCommonJSModule file:///c:/Users/petooshkevich/.vscode/extensions/zignd.html-css-class-completion-1.20.0/dist/extension.js
[2021-08-18 23:00:26.842] [exthost] [error] Activating extension kisstkondoros.vscode-gutter-preview failed due to an error:
[2021-08-18 23:00:26.843] [exthost] [error] TypeError: Cannot read property 'fsPath' of undefined
    at t.activate (c:\Users\petooshkevich\.vscode\extensions\kisstkondoros.vscode-gutter-preview-0.27.1\dist\extension.js:1:62877)
    at Function._callActivateOptional (c:\Users\petooshkevich\AppData\Local\Programs\Microsoft VS Code\resources\app\out\vs\workbench\services\extensions\node\extensionHostProcess.js:90:14919)
    at Function._callActivate (c:\Users\petooshkevich\AppData\Local\Programs\Microsoft VS Code\resources\app\out\vs\workbench\services\extensions\node\extensionHostProcess.js:90:14592)
    at c:\Users\petooshkevich\AppData\Local\Programs\Microsoft VS Code\resources\app\out\vs\workbench\services\extensions\node\extensionHostProcess.js:90:12789
    at processTicksAndRejections (internal/process/task_queues.js:93:5)
    at async Promise.all (index 7)
    at async Promise.all (index 0)
[2021-08-18 23:00:26.938] [exthost] [info] ExtensionService#_doActivateExtension vscode.configuration-editing {"startup":false,"extensionId":{"value":"vscode.configuration-editing","_lower":"vscode.configuration-editing"},"activationEvent":"onLanguage:jsonc"}
[2021-08-18 23:00:26.938] [exthost] [info] ExtensionService#loadCommonJSModule file:///c:/Users/petooshkevich/AppData/Local/Programs/Microsoft VS Code/resources/app/extensions/configuration-editing/dist/configurationEditingMain
[2021-08-18 23:00:26.942] [exthost] [info] ExtensionService#_doActivateExtension vscode.json-language-features {"startup":false,"extensionId":{"value":"vscode.json-language-features","_lower":"vscode.json-language-features"},"activationEvent":"onLanguage:jsonc"}
[2021-08-18 23:00:26.942] [exthost] [info] ExtensionService#loadCommonJSModule file:///c:/Users/petooshkevich/AppData/Local/Programs/Microsoft VS Code/resources/app/extensions/json-language-features/client/dist/node/jsonClientMain
[2021-08-18 23:00:26.960] [exthost] [info] ExtensionService#_doActivateExtension vscode.typescript-language-features {"startup":false,"extensionId":{"value":"vscode.typescript-language-features","_lower":"vscode.typescript-language-features"},"activationEvent":"onLanguage:jsonc"}
[2021-08-18 23:00:26.960] [exthost] [info] ExtensionService#loadCommonJSModule file:///c:/Users/petooshkevich/AppData/Local/Programs/Microsoft VS Code/resources/app/extensions/typescript-language-features/dist/extension
[2021-08-18 23:00:26.977] [exthost] [info] ExtensionService#_doActivateExtension aaron-bond.better-comments {"startup":false,"extensionId":{"value":"aaron-bond.better-comments","_lower":"aaron-bond.better-comments"},"activationEvent":"onLanguage:jsonc"}
[2021-08-18 23:00:26.977] [exthost] [info] ExtensionService#loadCommonJSModule file:///c:/Users/petooshkevich/.vscode/extensions/aaron-bond.better-comments-2.1.0/out/extension
[2021-08-18 23:00:29.588] [exthost] [info] ExtensionService#_doActivateExtension vscode.github {"startup":true,"extensionId":{"value":"vscode.github","_lower":"vscode.github"},"activationEvent":"*"}
[2021-08-18 23:00:29.588] [exthost] [info] ExtensionService#loadCommonJSModule file:///c:/Users/petooshkevich/AppData/Local/Programs/Microsoft VS Code/resources/app/extensions/github/dist/extension.js
[2021-08-18 23:00:29.597] [exthost] [info] ExtensionService#_doActivateExtension ms-vscode.js-debug {"startup":false,"extensionId":{"value":"ms-vscode.js-debug","_lower":"ms-vscode.js-debug"},"activationEvent":"onCommand:extension.js-debug.clearAutoAttachVariables"}
[2021-08-18 23:00:29.597] [exthost] [info] ExtensionService#loadCommonJSModule file:///c:/Users/petooshkevich/AppData/Local/Programs/Microsoft VS Code/resources/app/extensions/ms-vscode.js-debug/src/extension.js
[2021-08-18 23:00:29.681] [exthost] [info] eager extensions activated
[2021-08-18 23:00:29.688] [exthost] [info] ExtensionService#_doActivateExtension vscode.github-authentication {"startup":false,"extensionId":{"value":"vscode.github-authentication","_lower":"vscode.github-authentication"},"activationEvent":"onAuthenticationRequest:github"}
[2021-08-18 23:00:29.688] [exthost] [info] ExtensionService#loadCommonJSModule file:///c:/Users/petooshkevich/AppData/Local/Programs/Microsoft VS Code/resources/app/extensions/github-authentication/dist/extension.js
[2021-08-18 23:00:29.695] [exthost] [info] ExtensionService#_doActivateExtension vscode.emmet {"startup":false,"extensionId":{"value":"vscode.emmet","_lower":"vscode.emmet"},"activationEvent":"onStartupFinished"}
[2021-08-18 23:00:29.695] [exthost] [info] ExtensionService#loadCommonJSModule file:///c:/Users/petooshkevich/AppData/Local/Programs/Microsoft VS Code/resources/app/extensions/emmet/dist/node/emmetNodeMain
[2021-08-18 23:00:29.700] [exthost] [info] ExtensionService#_doActivateExtension vscode.merge-conflict {"startup":false,"extensionId":{"value":"vscode.merge-conflict","_lower":"vscode.merge-conflict"},"activationEvent":"onStartupFinished"}
[2021-08-18 23:00:29.701] [exthost] [info] ExtensionService#loadCommonJSModule file:///c:/Users/petooshkevich/AppData/Local/Programs/Microsoft VS Code/resources/app/extensions/merge-conflict/dist/mergeConflictMain
[2021-08-18 23:00:29.702] [exthost] [info] ExtensionService#_doActivateExtension ms-vscode-remote.remote-wsl-recommender {"startup":false,"extensionId":{"value":"ms-vscode-remote.remote-wsl-recommender","_lower":"ms-vscode-remote.remote-wsl-recommender"},"activationEvent":"onStartupFinished"}
[2021-08-18 23:00:29.702] [exthost] [info] ExtensionService#loadCommonJSModule file:///c:/Users/petooshkevich/AppData/Local/Programs/Microsoft VS Code/resources/app/extensions/ms-vscode-remote.remote-wsl-recommender/dist/extension.js
[2021-08-18 23:00:29.707] [exthost] [info] ExtensionService#_doActivateExtension esbenp.prettier-vscode {"startup":false,"extensionId":{"value":"esbenp.prettier-vscode","_lower":"esbenp.prettier-vscode"},"activationEvent":"onStartupFinished"}
[2021-08-18 23:00:29.707] [exthost] [info] ExtensionService#loadCommonJSModule file:///c:/Users/petooshkevich/.vscode/extensions/esbenp.prettier-vscode-8.1.0/dist/extension
[2021-08-18 23:00:39.632] [exthost] [info] extension host terminating: renderer closed the socket
[2021-08-18 23:00:40.882] [exthost] [info] extension host started
[2021-08-18 23:00:40.882] [exthost] [info] Skipping acquiring lock for c:\Users\petooshkevich\AppData\Roaming\Code\User\workspaceStorage\635e7c1cbb1aa4a5689d3b11f8b1cb97.
[2021-08-18 23:00:41.252] [exthost] [info] ExtensionService#_doActivateExtension vscode.microsoft-authentication {"startup":false,"extensionId":{"value":"vscode.microsoft-authentication","_lower":"vscode.microsoft-authentication"},"activationEvent":"onAuthenticationRequest:microsoft"}
[2021-08-18 23:00:41.252] [exthost] [info] ExtensionService#loadCommonJSModule file:///c:/Users/petooshkevich/AppData/Local/Programs/Microsoft VS Code/resources/app/extensions/microsoft-authentication/dist/extension.js
[2021-08-18 23:00:41.264] [exthost] [info] ExtensionService#_doActivateExtension vscode.emmet {"startup":false,"extensionId":{"value":"vscode.emmet","_lower":"vscode.emmet"},"activationEvent":"onLanguage:html"}
[2021-08-18 23:00:41.265] [exthost] [info] ExtensionService#loadCommonJSModule file:///c:/Users/petooshkevich/AppData/Local/Programs/Microsoft VS Code/resources/app/extensions/emmet/dist/node/emmetNodeMain
[2021-08-18 23:00:41.272] [exthost] [info] ExtensionService#_doActivateExtension vscode.html-language-features {"startup":false,"extensionId":{"value":"vscode.html-language-features","_lower":"vscode.html-language-features"},"activationEvent":"onLanguage:html"}
[2021-08-18 23:00:41.272] [exthost] [info] ExtensionService#loadCommonJSModule file:///c:/Users/petooshkevich/AppData/Local/Programs/Microsoft VS Code/resources/app/extensions/html-language-features/client/dist/node/htmlClientMain
[2021-08-18 23:00:41.290] [exthost] [info] ExtensionService#_doActivateExtension aaron-bond.better-comments {"startup":false,"extensionId":{"value":"aaron-bond.better-comments","_lower":"aaron-bond.better-comments"},"activationEvent":"onLanguage:html"}
[2021-08-18 23:00:41.290] [exthost] [info] ExtensionService#loadCommonJSModule file:///c:/Users/petooshkevich/.vscode/extensions/aaron-bond.better-comments-2.1.0/out/extension
[2021-08-18 23:00:41.293] [exthost] [info] ExtensionService#_doActivateExtension Box-Of-Hats.bemhelper {"startup":false,"extensionId":{"value":"Box-Of-Hats.bemhelper","_lower":"box-of-hats.bemhelper"},"activationEvent":"onLanguage:html"}
[2021-08-18 23:00:41.293] [exthost] [info] ExtensionService#loadCommonJSModule file:///c:/Users/petooshkevich/.vscode/extensions/box-of-hats.bemhelper-1.4.2/dist/extension.js
[2021-08-18 23:00:41.295] [exthost] [info] ExtensionService#_doActivateExtension vscode.debug-auto-launch {"startup":true,"extensionId":{"value":"vscode.debug-auto-launch","_lower":"vscode.debug-auto-launch"},"activationEvent":"*"}
[2021-08-18 23:00:41.295] [exthost] [info] ExtensionService#loadCommonJSModule file:///c:/Users/petooshkevich/AppData/Local/Programs/Microsoft VS Code/resources/app/extensions/debug-auto-launch/dist/extension
[2021-08-18 23:00:41.297] [exthost] [info] ExtensionService#_doActivateExtension vscode.git {"startup":true,"extensionId":{"value":"vscode.github","_lower":"vscode.github"},"activationEvent":"*"}
[2021-08-18 23:00:41.297] [exthost] [info] ExtensionService#loadCommonJSModule file:///c:/Users/petooshkevich/AppData/Local/Programs/Microsoft VS Code/resources/app/extensions/git/dist/main
[2021-08-18 23:00:41.314] [exthost] [info] ExtensionService#_doActivateExtension christian-kohler.path-intellisense {"startup":true,"extensionId":{"value":"christian-kohler.path-intellisense","_lower":"christian-kohler.path-intellisense"},"activationEvent":"*"}
[2021-08-18 23:00:41.314] [exthost] [info] ExtensionService#loadCommonJSModule file:///c:/Users/petooshkevich/.vscode/extensions/christian-kohler.path-intellisense-2.4.0/out/extension.js
[2021-08-18 23:00:41.334] [exthost] [info] ExtensionService#_doActivateExtension CoenraadS.bracket-pair-colorizer {"startup":true,"extensionId":{"value":"CoenraadS.bracket-pair-colorizer","_lower":"coenraads.bracket-pair-colorizer"},"activationEvent":"*"}
[2021-08-18 23:00:41.334] [exthost] [info] ExtensionService#loadCommonJSModule file:///c:/Users/petooshkevich/.vscode/extensions/coenraads.bracket-pair-colorizer-1.0.61/out/src/extension
[2021-08-18 23:00:41.355] [exthost] [info] ExtensionService#_doActivateExtension ecmel.vscode-html-css {"startup":true,"extensionId":{"value":"ecmel.vscode-html-css","_lower":"ecmel.vscode-html-css"},"activationEvent":"*"}
[2021-08-18 23:00:41.355] [exthost] [info] ExtensionService#loadCommonJSModule file:///c:/Users/petooshkevich/.vscode/extensions/ecmel.vscode-html-css-1.10.2/dist/extension.js
[2021-08-18 23:00:41.366] [exthost] [info] ExtensionService#_doActivateExtension formulahendry.auto-close-tag {"startup":true,"extensionId":{"value":"formulahendry.auto-close-tag","_lower":"formulahendry.auto-close-tag"},"activationEvent":"*"}
[2021-08-18 23:00:41.367] [exthost] [info] ExtensionService#loadCommonJSModule file:///c:/Users/petooshkevich/.vscode/extensions/formulahendry.auto-close-tag-0.5.12/out/src/extension
[2021-08-18 23:00:41.369] [exthost] [info] ExtensionService#_doActivateExtension formulahendry.auto-rename-tag {"startup":true,"extensionId":{"value":"formulahendry.auto-rename-tag","_lower":"formulahendry.auto-rename-tag"},"activationEvent":"*"}
[2021-08-18 23:00:41.369] [exthost] [info] ExtensionService#loadCommonJSModule file:///c:/Users/petooshkevich/.vscode/extensions/formulahendry.auto-rename-tag-0.1.8/packages/extension/dist/extensionMain.js
[2021-08-18 23:00:41.375] [exthost] [info] ExtensionService#_doActivateExtension kisstkondoros.vscode-gutter-preview {"startup":true,"extensionId":{"value":"kisstkondoros.vscode-gutter-preview","_lower":"kisstkondoros.vscode-gutter-preview"},"activationEvent":"*"}
[2021-08-18 23:00:41.375] [exthost] [info] ExtensionService#loadCommonJSModule file:///c:/Users/petooshkevich/.vscode/extensions/kisstkondoros.vscode-gutter-preview-0.27.1/dist/extension
[2021-08-18 23:00:41.385] [exthost] [info] ExtensionService#_doActivateExtension oderwat.indent-rainbow {"startup":true,"extensionId":{"value":"oderwat.indent-rainbow","_lower":"oderwat.indent-rainbow"},"activationEvent":"*"}
[2021-08-18 23:00:41.385] [exthost] [info] ExtensionService#loadCommonJSModule file:///c:/Users/petooshkevich/.vscode/extensions/oderwat.indent-rainbow-7.5.0/out/extension
[2021-08-18 23:00:41.387] [exthost] [info] ExtensionService#_doActivateExtension pucelle.vscode-css-navigation {"startup":true,"extensionId":{"value":"pucelle.vscode-css-navigation","_lower":"pucelle.vscode-css-navigation"},"activationEvent":"*"}
[2021-08-18 23:00:41.387] [exthost] [info] ExtensionService#loadCommonJSModule file:///c:/Users/petooshkevich/.vscode/extensions/pucelle.vscode-css-navigation-1.10.7/client/out/extension
[2021-08-18 23:00:41.431] [exthost] [info] ExtensionService#_doActivateExtension ritwickdey.LiveServer {"startup":true,"extensionId":{"value":"ritwickdey.LiveServer","_lower":"ritwickdey.liveserver"},"activationEvent":"*"}
[2021-08-18 23:00:41.432] [exthost] [info] ExtensionService#loadCommonJSModule file:///c:/Users/petooshkevich/.vscode/extensions/ritwickdey.liveserver-5.6.1/out/src/extension
[2021-08-18 23:00:41.757] [exthost] [info] ExtensionService#_doActivateExtension Shan.code-settings-sync {"startup":true,"extensionId":{"value":"Shan.code-settings-sync","_lower":"shan.code-settings-sync"},"activationEvent":"*"}
[2021-08-18 23:00:41.757] [exthost] [info] ExtensionService#loadCommonJSModule file:///c:/Users/petooshkevich/.vscode/extensions/shan.code-settings-sync-3.4.3/out/extension.js
[2021-08-18 23:00:41.927] [exthost] [info] ExtensionService#_doActivateExtension TabNine.tabnine-vscode {"startup":true,"extensionId":{"value":"TabNine.tabnine-vscode","_lower":"tabnine.tabnine-vscode"},"activationEvent":"*"}
[2021-08-18 23:00:41.927] [exthost] [info] ExtensionService#loadCommonJSModule file:///c:/Users/petooshkevich/.vscode/extensions/tabnine.tabnine-vscode-3.4.22/out/extension
[2021-08-18 23:00:42.008] [exthost] [info] ExtensionService#_doActivateExtension Zignd.html-css-class-completion {"startup":true,"extensionId":{"value":"Zignd.html-css-class-completion","_lower":"zignd.html-css-class-completion"},"activationEvent":"*"}
[2021-08-18 23:00:42.008] [exthost] [info] ExtensionService#loadCommonJSModule file:///c:/Users/petooshkevich/.vscode/extensions/zignd.html-css-class-completion-1.20.0/dist/extension.js
[2021-08-18 23:00:42.062] [exthost] [info] ExtensionService#_doActivateExtension vscode.npm {"startup":true,"extensionId":{"value":"vscode.npm","_lower":"vscode.npm"},"activationEvent":"workspaceContains:package.json"}
[2021-08-18 23:00:42.062] [exthost] [info] ExtensionService#loadCommonJSModule file:///c:/Users/petooshkevich/AppData/Local/Programs/Microsoft VS Code/resources/app/extensions/npm/dist/npmMain
[2021-08-18 23:00:42.265] [exthost] [info] ExtensionService#_doActivateExtension hancel.google-translate {"startup":true,"extensionId":{"value":"hancel.google-translate","_lower":"hancel.google-translate"},"activationEvent":"workspaceContains:*.*"}
[2021-08-18 23:00:42.265] [exthost] [info] ExtensionService#loadCommonJSModule file:///c:/Users/petooshkevich/.vscode/extensions/hancel.google-translate-1.2.3/src/extension
[2021-08-18 23:00:42.371] [exthost] [info] ExtensionService#_doActivateExtension pranaygp.vscode-css-peek {"startup":true,"extensionId":{"value":"pranaygp.vscode-css-peek","_lower":"pranaygp.vscode-css-peek"},"activationEvent":"workspaceContains:**/*.css,**/*.scss,**/*.sass,**/*.less"}
[2021-08-18 23:00:42.371] [exthost] [info] ExtensionService#loadCommonJSModule file:///c:/Users/petooshkevich/.vscode/extensions/pranaygp.vscode-css-peek-4.2.0/client/out/extension
[2021-08-18 23:00:42.479] [exthost] [info] ExtensionService#_doActivateExtension ritwickdey.live-sass {"startup":true,"extensionId":{"value":"ritwickdey.live-sass","_lower":"ritwickdey.live-sass"},"activationEvent":"workspaceContains:**/*.s[ac]ss"}
[2021-08-18 23:00:42.479] [exthost] [info] ExtensionService#loadCommonJSModule file:///c:/Users/petooshkevich/.vscode/extensions/ritwickdey.live-sass-3.0.0/out/src/extension
[2021-08-18 23:00:45.996] [exthost] [info] ExtensionService#_doActivateExtension vscode.configuration-editing {"startup":false,"extensionId":{"value":"vscode.configuration-editing","_lower":"vscode.configuration-editing"},"activationEvent":"onLanguage:jsonc"}
[2021-08-18 23:00:45.996] [exthost] [info] ExtensionService#loadCommonJSModule file:///c:/Users/petooshkevich/AppData/Local/Programs/Microsoft VS Code/resources/app/extensions/configuration-editing/dist/configurationEditingMain
[2021-08-18 23:00:45.998] [exthost] [info] ExtensionService#_doActivateExtension vscode.json-language-features {"startup":false,"extensionId":{"value":"vscode.json-language-features","_lower":"vscode.json-language-features"},"activationEvent":"onLanguage:jsonc"}
[2021-08-18 23:00:45.999] [exthost] [info] ExtensionService#loadCommonJSModule file:///c:/Users/petooshkevich/AppData/Local/Programs/Microsoft VS Code/resources/app/extensions/json-language-features/client/dist/node/jsonClientMain
[2021-08-18 23:00:46.013] [exthost] [info] ExtensionService#_doActivateExtension vscode.typescript-language-features {"startup":false,"extensionId":{"value":"vscode.typescript-language-features","_lower":"vscode.typescript-language-features"},"activationEvent":"onLanguage:jsonc"}
[2021-08-18 23:00:46.013] [exthost] [info] ExtensionService#loadCommonJSModule file:///c:/Users/petooshkevich/AppData/Local/Programs/Microsoft VS Code/resources/app/extensions/typescript-language-features/dist/extension
[2021-08-18 23:00:46.315] [exthost] [info] ExtensionService#_doActivateExtension ms-vscode.js-debug {"startup":false,"extensionId":{"value":"ms-vscode.js-debug","_lower":"ms-vscode.js-debug"},"activationEvent":"onCommand:extension.js-debug.clearAutoAttachVariables"}
[2021-08-18 23:00:46.315] [exthost] [info] ExtensionService#loadCommonJSModule file:///c:/Users/petooshkevich/AppData/Local/Programs/Microsoft VS Code/resources/app/extensions/ms-vscode.js-debug/src/extension.js
[2021-08-18 23:00:46.378] [exthost] [info] ExtensionService#_doActivateExtension vscode.github {"startup":false,"extensionId":{"value":"vscode.github","_lower":"vscode.github"},"activationEvent":"*"}
[2021-08-18 23:00:46.379] [exthost] [info] ExtensionService#loadCommonJSModule file:///c:/Users/petooshkevich/AppData/Local/Programs/Microsoft VS Code/resources/app/extensions/github/dist/extension.js
[2021-08-18 23:00:46.474] [exthost] [info] ExtensionService#_doActivateExtension vscode.github-authentication {"startup":false,"extensionId":{"value":"vscode.github-authentication","_lower":"vscode.github-authentication"},"activationEvent":"onAuthenticationRequest:github"}
[2021-08-18 23:00:46.474] [exthost] [info] ExtensionService#loadCommonJSModule file:///c:/Users/petooshkevich/AppData/Local/Programs/Microsoft VS Code/resources/app/extensions/github-authentication/dist/extension.js
[2021-08-18 23:00:47.153] [exthost] [info] eager extensions activated
[2021-08-18 23:00:47.158] [exthost] [info] ExtensionService#_doActivateExtension vscode.merge-conflict {"startup":false,"extensionId":{"value":"vscode.merge-conflict","_lower":"vscode.merge-conflict"},"activationEvent":"onStartupFinished"}
[2021-08-18 23:00:47.158] [exthost] [info] ExtensionService#loadCommonJSModule file:///c:/Users/petooshkevich/AppData/Local/Programs/Microsoft VS Code/resources/app/extensions/merge-conflict/dist/mergeConflictMain
[2021-08-18 23:00:47.160] [exthost] [info] ExtensionService#_doActivateExtension ms-vscode-remote.remote-wsl-recommender {"startup":false,"extensionId":{"value":"ms-vscode-remote.remote-wsl-recommender","_lower":"ms-vscode-remote.remote-wsl-recommender"},"activationEvent":"onStartupFinished"}
[2021-08-18 23:00:47.161] [exthost] [info] ExtensionService#loadCommonJSModule file:///c:/Users/petooshkevich/AppData/Local/Programs/Microsoft VS Code/resources/app/extensions/ms-vscode-remote.remote-wsl-recommender/dist/extension.js
[2021-08-18 23:00:47.166] [exthost] [info] ExtensionService#_doActivateExtension esbenp.prettier-vscode {"startup":false,"extensionId":{"value":"esbenp.prettier-vscode","_lower":"esbenp.prettier-vscode"},"activationEvent":"onStartupFinished"}
[2021-08-18 23:00:47.166] [exthost] [info] ExtensionService#loadCommonJSModule file:///c:/Users/petooshkevich/.vscode/extensions/esbenp.prettier-vscode-8.1.0/dist/extension
[2021-08-18 23:00:47.366] [exthost] [info] ExtensionService#_doActivateExtension vscode.css-language-features {"startup":false,"extensionId":{"value":"vscode.css-language-features","_lower":"vscode.css-language-features"},"activationEvent":"onLanguage:scss"}
[2021-08-18 23:00:47.366] [exthost] [info] ExtensionService#loadCommonJSModule file:///c:/Users/petooshkevich/AppData/Local/Programs/Microsoft VS Code/resources/app/extensions/css-language-features/client/dist/node/cssClientMain
[2021-08-18 23:00:47.378] [exthost] [info] ExtensionService#_doActivateExtension mrmlnc.vscode-autoprefixer {"startup":false,"extensionId":{"value":"mrmlnc.vscode-autoprefixer","_lower":"mrmlnc.vscode-autoprefixer"},"activationEvent":"onLanguage:scss"}
[2021-08-18 23:00:47.378] [exthost] [info] ExtensionService#loadCommonJSModule file:///c:/Users/petooshkevich/.vscode/extensions/mrmlnc.vscode-autoprefixer-3.0.1/out/extension.js
[2021-08-18 23:00:47.395] [exthost] [info] ExtensionService#_doActivateExtension mrmlnc.vscode-scss {"startup":false,"extensionId":{"value":"mrmlnc.vscode-scss","_lower":"mrmlnc.vscode-scss"},"activationEvent":"onLanguage:scss"}
[2021-08-18 23:00:47.395] [exthost] [info] ExtensionService#loadCommonJSModule file:///c:/Users/petooshkevich/.vscode/extensions/mrmlnc.vscode-scss-0.10.0/out/client.js
[2021-08-18 23:00:47.566] [exthost] [info] ExtensionService#_doActivateExtension sibiraj-s.vscode-scss-formatter {"startup":false,"extensionId":{"value":"sibiraj-s.vscode-scss-formatter","_lower":"sibiraj-s.vscode-scss-formatter"},"activationEvent":"onLanguage:scss"}
[2021-08-18 23:00:47.566] [exthost] [info] ExtensionService#loadCommonJSModule file:///c:/Users/petooshkevich/.vscode/extensions/sibiraj-s.vscode-scss-formatter-2.2.3/out/extension
[2021-08-18 23:01:26.014] [exthost] [info] extension host terminating: renderer closed the socket
