Validating found git in: C:\Program Files\Git\cmd\git.exe
Using git 2.32.0.windows.2 from C:\Program Files\Git\cmd\git.exe
> git rev-parse --git-dir
Open repository: c:\code\projects\react-start
> git status -z -u
> git symbolic-ref --short HEAD
> git for-each-ref --format=%(refname)%00%(upstream:short)%00%(objectname)%00%(upstream:track) refs/heads/master refs/remotes/master
> git for-each-ref --sort -committerdate --format %(refname) %(objectname) %(*objectname)
> git remote --verbose
> git config --get commit.template
> git show --textconv :src/App.js
> git ls-files --stage -- C:\code\projects\react-start\src\App.js
> git cat-file -s 37845757234ccb68531c10cf7a2ffc589c47e342
> git check-ignore -v -z --stdin
> git ls-files --stage -- C:\code\projects\react-start\src\App.js
> git cat-file -s 37845757234ccb68531c10cf7a2ffc589c47e342
> git show --textconv :src/App.js
> git status -z -u
> git symbolic-ref --short HEAD
> git for-each-ref --format=%(refname)%00%(upstream:short)%00%(objectname)%00%(upstream:track) refs/heads/master refs/remotes/master
> git for-each-ref --sort -committerdate --format %(refname) %(objectname) %(*objectname)
> git remote --verbose
> git config --get commit.template
> git show --textconv :public/index.html
> git ls-files --stage -- C:\code\projects\react-start\public\index.html
> git cat-file -s aa069f27cbd9d53394428171c3989fd03db73c76
> git show --textconv :public/index.html
> git ls-files --stage -- C:\code\projects\react-start\public\index.html
> git cat-file -s aa069f27cbd9d53394428171c3989fd03db73c76
> git status -z -u
> git symbolic-ref --short HEAD
> git for-each-ref --format=%(refname)%00%(upstream:short)%00%(objectname)%00%(upstream:track) refs/heads/master refs/remotes/master
> git for-each-ref --sort -committerdate --format %(refname) %(objectname) %(*objectname)
> git remote --verbose
> git config --get commit.template
> git ls-files --stage -- C:\code\projects\react-start\public\index.html
> git cat-file -s aa069f27cbd9d53394428171c3989fd03db73c76
> git show --textconv :public/index.html
