[2021-08-28 18:05:05.776] [exthost] [info] extension host started
[2021-08-28 18:05:05.777] [exthost] [info] Skipping acquiring lock for c:\Users\petooshkevich\AppData\Roaming\Code\User\workspaceStorage\635e7c1cbb1aa4a5689d3b11f8b1cb97.
[2021-08-28 18:05:05.902] [exthost] [info] ExtensionService#_doActivateExtension vscode.microsoft-authentication {"startup":false,"extensionId":{"value":"vscode.microsoft-authentication","_lower":"vscode.microsoft-authentication"},"activationEvent":"onAuthenticationRequest:microsoft"}
[2021-08-28 18:05:05.902] [exthost] [info] ExtensionService#loadCommonJSModule file:///c:/Users/petooshkevich/AppData/Local/Programs/Microsoft VS Code/resources/app/extensions/microsoft-authentication/dist/extension.js
[2021-08-28 18:05:05.913] [exthost] [info] ExtensionService#_doActivateExtension vscode.debug-auto-launch {"startup":true,"extensionId":{"value":"vscode.debug-auto-launch","_lower":"vscode.debug-auto-launch"},"activationEvent":"*"}
[2021-08-28 18:05:05.913] [exthost] [info] ExtensionService#loadCommonJSModule file:///c:/Users/petooshkevich/AppData/Local/Programs/Microsoft VS Code/resources/app/extensions/debug-auto-launch/dist/extension
[2021-08-28 18:05:05.916] [exthost] [info] ExtensionService#_doActivateExtension vscode.git {"startup":true,"extensionId":{"value":"vscode.github","_lower":"vscode.github"},"activationEvent":"*"}
[2021-08-28 18:05:05.916] [exthost] [info] ExtensionService#loadCommonJSModule file:///c:/Users/petooshkevich/AppData/Local/Programs/Microsoft VS Code/resources/app/extensions/git/dist/main
[2021-08-28 18:05:05.929] [exthost] [info] ExtensionService#_doActivateExtension christian-kohler.path-intellisense {"startup":true,"extensionId":{"value":"christian-kohler.path-intellisense","_lower":"christian-kohler.path-intellisense"},"activationEvent":"*"}
[2021-08-28 18:05:05.929] [exthost] [info] ExtensionService#loadCommonJSModule file:///c:/Users/petooshkevich/.vscode/extensions/christian-kohler.path-intellisense-2.4.0/out/extension.js
[2021-08-28 18:05:05.946] [exthost] [info] ExtensionService#_doActivateExtension CoenraadS.bracket-pair-colorizer {"startup":true,"extensionId":{"value":"CoenraadS.bracket-pair-colorizer","_lower":"coenraads.bracket-pair-colorizer"},"activationEvent":"*"}
[2021-08-28 18:05:05.946] [exthost] [info] ExtensionService#loadCommonJSModule file:///c:/Users/petooshkevich/.vscode/extensions/coenraads.bracket-pair-colorizer-1.0.61/out/src/extension
[2021-08-28 18:05:05.961] [exthost] [info] ExtensionService#_doActivateExtension ecmel.vscode-html-css {"startup":true,"extensionId":{"value":"ecmel.vscode-html-css","_lower":"ecmel.vscode-html-css"},"activationEvent":"*"}
[2021-08-28 18:05:05.961] [exthost] [info] ExtensionService#loadCommonJSModule file:///c:/Users/petooshkevich/.vscode/extensions/ecmel.vscode-html-css-1.10.2/dist/extension.js
[2021-08-28 18:05:05.973] [exthost] [info] ExtensionService#_doActivateExtension formulahendry.auto-close-tag {"startup":true,"extensionId":{"value":"formulahendry.auto-close-tag","_lower":"formulahendry.auto-close-tag"},"activationEvent":"*"}
[2021-08-28 18:05:05.973] [exthost] [info] ExtensionService#loadCommonJSModule file:///c:/Users/petooshkevich/.vscode/extensions/formulahendry.auto-close-tag-0.5.12/out/src/extension
[2021-08-28 18:05:05.975] [exthost] [info] ExtensionService#_doActivateExtension formulahendry.auto-rename-tag {"startup":true,"extensionId":{"value":"formulahendry.auto-rename-tag","_lower":"formulahendry.auto-rename-tag"},"activationEvent":"*"}
[2021-08-28 18:05:05.975] [exthost] [info] ExtensionService#loadCommonJSModule file:///c:/Users/petooshkevich/.vscode/extensions/formulahendry.auto-rename-tag-0.1.8/packages/extension/dist/extensionMain.js
[2021-08-28 18:05:05.980] [exthost] [info] ExtensionService#_doActivateExtension kisstkondoros.vscode-gutter-preview {"startup":true,"extensionId":{"value":"kisstkondoros.vscode-gutter-preview","_lower":"kisstkondoros.vscode-gutter-preview"},"activationEvent":"*"}
[2021-08-28 18:05:05.981] [exthost] [info] ExtensionService#loadCommonJSModule file:///c:/Users/petooshkevich/.vscode/extensions/kisstkondoros.vscode-gutter-preview-0.27.1/dist/extension
[2021-08-28 18:05:05.990] [exthost] [info] ExtensionService#_doActivateExtension oderwat.indent-rainbow {"startup":true,"extensionId":{"value":"oderwat.indent-rainbow","_lower":"oderwat.indent-rainbow"},"activationEvent":"*"}
[2021-08-28 18:05:05.990] [exthost] [info] ExtensionService#loadCommonJSModule file:///c:/Users/petooshkevich/.vscode/extensions/oderwat.indent-rainbow-7.5.0/out/extension
[2021-08-28 18:05:05.991] [exthost] [info] ExtensionService#_doActivateExtension pucelle.vscode-css-navigation {"startup":true,"extensionId":{"value":"pucelle.vscode-css-navigation","_lower":"pucelle.vscode-css-navigation"},"activationEvent":"*"}
[2021-08-28 18:05:05.992] [exthost] [info] ExtensionService#loadCommonJSModule file:///c:/Users/petooshkevich/.vscode/extensions/pucelle.vscode-css-navigation-1.10.7/client/out/extension
[2021-08-28 18:05:06.025] [exthost] [info] ExtensionService#_doActivateExtension ritwickdey.LiveServer {"startup":true,"extensionId":{"value":"ritwickdey.LiveServer","_lower":"ritwickdey.liveserver"},"activationEvent":"*"}
[2021-08-28 18:05:06.025] [exthost] [info] ExtensionService#loadCommonJSModule file:///c:/Users/petooshkevich/.vscode/extensions/ritwickdey.liveserver-5.6.1/out/src/extension
[2021-08-28 18:05:06.290] [exthost] [info] ExtensionService#_doActivateExtension Shan.code-settings-sync {"startup":true,"extensionId":{"value":"Shan.code-settings-sync","_lower":"shan.code-settings-sync"},"activationEvent":"*"}
[2021-08-28 18:05:06.290] [exthost] [info] ExtensionService#loadCommonJSModule file:///c:/Users/petooshkevich/.vscode/extensions/shan.code-settings-sync-3.4.3/out/extension.js
[2021-08-28 18:05:06.465] [exthost] [info] ExtensionService#_doActivateExtension TabNine.tabnine-vscode {"startup":true,"extensionId":{"value":"TabNine.tabnine-vscode","_lower":"tabnine.tabnine-vscode"},"activationEvent":"*"}
[2021-08-28 18:05:06.466] [exthost] [info] ExtensionService#loadCommonJSModule file:///c:/Users/petooshkevich/.vscode/extensions/tabnine.tabnine-vscode-3.4.23/out/extension
[2021-08-28 18:05:06.532] [exthost] [info] ExtensionService#_doActivateExtension Zignd.html-css-class-completion {"startup":true,"extensionId":{"value":"Zignd.html-css-class-completion","_lower":"zignd.html-css-class-completion"},"activationEvent":"*"}
[2021-08-28 18:05:06.532] [exthost] [info] ExtensionService#loadCommonJSModule file:///c:/Users/petooshkevich/.vscode/extensions/zignd.html-css-class-completion-1.20.0/dist/extension.js
[2021-08-28 18:05:06.591] [exthost] [info] ExtensionService#_doActivateExtension vscode.npm {"startup":true,"extensionId":{"value":"vscode.npm","_lower":"vscode.npm"},"activationEvent":"workspaceContains:package.json"}
[2021-08-28 18:05:06.591] [exthost] [info] ExtensionService#loadCommonJSModule file:///c:/Users/petooshkevich/AppData/Local/Programs/Microsoft VS Code/resources/app/extensions/npm/dist/npmMain
[2021-08-28 18:05:06.800] [exthost] [info] ExtensionService#_doActivateExtension pranaygp.vscode-css-peek {"startup":true,"extensionId":{"value":"pranaygp.vscode-css-peek","_lower":"pranaygp.vscode-css-peek"},"activationEvent":"workspaceContains:**/*.css,**/*.scss,**/*.sass,**/*.less"}
[2021-08-28 18:05:06.801] [exthost] [info] ExtensionService#loadCommonJSModule file:///c:/Users/petooshkevich/.vscode/extensions/pranaygp.vscode-css-peek-4.2.0/client/out/extension
[2021-08-28 18:05:06.878] [exthost] [info] ExtensionService#_doActivateExtension hancel.google-translate {"startup":true,"extensionId":{"value":"hancel.google-translate","_lower":"hancel.google-translate"},"activationEvent":"workspaceContains:*.*"}
[2021-08-28 18:05:06.878] [exthost] [info] ExtensionService#loadCommonJSModule file:///c:/Users/petooshkevich/.vscode/extensions/hancel.google-translate-1.2.3/src/extension
[2021-08-28 18:05:06.929] [exthost] [info] ExtensionService#_doActivateExtension ritwickdey.live-sass {"startup":true,"extensionId":{"value":"ritwickdey.live-sass","_lower":"ritwickdey.live-sass"},"activationEvent":"workspaceContains:**/*.s[ac]ss"}
[2021-08-28 18:05:06.929] [exthost] [info] ExtensionService#loadCommonJSModule file:///c:/Users/petooshkevich/.vscode/extensions/ritwickdey.live-sass-3.0.0/out/src/extension
[2021-08-28 18:05:10.054] [exthost] [info] ExtensionService#_doActivateExtension vscode.configuration-editing {"startup":false,"extensionId":{"value":"vscode.configuration-editing","_lower":"vscode.configuration-editing"},"activationEvent":"onLanguage:jsonc"}
[2021-08-28 18:05:10.054] [exthost] [info] ExtensionService#loadCommonJSModule file:///c:/Users/petooshkevich/AppData/Local/Programs/Microsoft VS Code/resources/app/extensions/configuration-editing/dist/configurationEditingMain
[2021-08-28 18:05:10.057] [exthost] [info] ExtensionService#_doActivateExtension vscode.json-language-features {"startup":false,"extensionId":{"value":"vscode.json-language-features","_lower":"vscode.json-language-features"},"activationEvent":"onLanguage:jsonc"}
[2021-08-28 18:05:10.057] [exthost] [info] ExtensionService#loadCommonJSModule file:///c:/Users/petooshkevich/AppData/Local/Programs/Microsoft VS Code/resources/app/extensions/json-language-features/client/dist/node/jsonClientMain
[2021-08-28 18:05:10.070] [exthost] [info] ExtensionService#_doActivateExtension vscode.typescript-language-features {"startup":false,"extensionId":{"value":"vscode.typescript-language-features","_lower":"vscode.typescript-language-features"},"activationEvent":"onLanguage:jsonc"}
[2021-08-28 18:05:10.070] [exthost] [info] ExtensionService#loadCommonJSModule file:///c:/Users/petooshkevich/AppData/Local/Programs/Microsoft VS Code/resources/app/extensions/typescript-language-features/dist/extension
[2021-08-28 18:05:10.079] [exthost] [info] ExtensionService#_doActivateExtension aaron-bond.better-comments {"startup":false,"extensionId":{"value":"aaron-bond.better-comments","_lower":"aaron-bond.better-comments"},"activationEvent":"onLanguage:jsonc"}
[2021-08-28 18:05:10.079] [exthost] [info] ExtensionService#loadCommonJSModule file:///c:/Users/petooshkevich/.vscode/extensions/aaron-bond.better-comments-2.1.0/out/extension
[2021-08-28 18:05:10.081] [exthost] [info] ExtensionService#_doActivateExtension vscode.emmet {"startup":false,"extensionId":{"value":"vscode.emmet","_lower":"vscode.emmet"},"activationEvent":"onLanguage:html"}
[2021-08-28 18:05:10.081] [exthost] [info] ExtensionService#loadCommonJSModule file:///c:/Users/petooshkevich/AppData/Local/Programs/Microsoft VS Code/resources/app/extensions/emmet/dist/node/emmetNodeMain
[2021-08-28 18:05:10.085] [exthost] [info] ExtensionService#_doActivateExtension vscode.html-language-features {"startup":false,"extensionId":{"value":"vscode.html-language-features","_lower":"vscode.html-language-features"},"activationEvent":"onLanguage:html"}
[2021-08-28 18:05:10.085] [exthost] [info] ExtensionService#loadCommonJSModule file:///c:/Users/petooshkevich/AppData/Local/Programs/Microsoft VS Code/resources/app/extensions/html-language-features/client/dist/node/htmlClientMain
[2021-08-28 18:05:10.127] [exthost] [info] ExtensionService#_doActivateExtension Box-Of-Hats.bemhelper {"startup":false,"extensionId":{"value":"Box-Of-Hats.bemhelper","_lower":"box-of-hats.bemhelper"},"activationEvent":"onLanguage:html"}
[2021-08-28 18:05:10.127] [exthost] [info] ExtensionService#loadCommonJSModule file:///c:/Users/petooshkevich/.vscode/extensions/box-of-hats.bemhelper-1.4.2/dist/extension.js
[2021-08-28 18:05:10.332] [exthost] [info] ExtensionService#_doActivateExtension ms-vscode.js-debug {"startup":false,"extensionId":{"value":"ms-vscode.js-debug","_lower":"ms-vscode.js-debug"},"activationEvent":"onCommand:extension.js-debug.clearAutoAttachVariables"}
[2021-08-28 18:05:10.332] [exthost] [info] ExtensionService#loadCommonJSModule file:///c:/Users/petooshkevich/AppData/Local/Programs/Microsoft VS Code/resources/app/extensions/ms-vscode.js-debug/src/extension.js
[2021-08-28 18:05:10.406] [exthost] [info] ExtensionService#_doActivateExtension vscode.github {"startup":false,"extensionId":{"value":"vscode.github","_lower":"vscode.github"},"activationEvent":"*"}
[2021-08-28 18:05:10.407] [exthost] [info] ExtensionService#loadCommonJSModule file:///c:/Users/petooshkevich/AppData/Local/Programs/Microsoft VS Code/resources/app/extensions/github/dist/extension.js
[2021-08-28 18:05:10.425] [exthost] [info] ExtensionService#_doActivateExtension vscode.github-authentication {"startup":false,"extensionId":{"value":"vscode.github-authentication","_lower":"vscode.github-authentication"},"activationEvent":"onAuthenticationRequest:github"}
[2021-08-28 18:05:10.425] [exthost] [info] ExtensionService#loadCommonJSModule file:///c:/Users/petooshkevich/AppData/Local/Programs/Microsoft VS Code/resources/app/extensions/github-authentication/dist/extension.js
[2021-08-28 18:05:11.184] [exthost] [info] eager extensions activated
[2021-08-28 18:05:11.188] [exthost] [info] ExtensionService#_doActivateExtension vscode.merge-conflict {"startup":false,"extensionId":{"value":"vscode.merge-conflict","_lower":"vscode.merge-conflict"},"activationEvent":"onStartupFinished"}
[2021-08-28 18:05:11.188] [exthost] [info] ExtensionService#loadCommonJSModule file:///c:/Users/petooshkevich/AppData/Local/Programs/Microsoft VS Code/resources/app/extensions/merge-conflict/dist/mergeConflictMain
[2021-08-28 18:05:11.190] [exthost] [info] ExtensionService#_doActivateExtension ms-vscode-remote.remote-wsl-recommender {"startup":false,"extensionId":{"value":"ms-vscode-remote.remote-wsl-recommender","_lower":"ms-vscode-remote.remote-wsl-recommender"},"activationEvent":"onStartupFinished"}
[2021-08-28 18:05:11.191] [exthost] [info] ExtensionService#loadCommonJSModule file:///c:/Users/petooshkevich/AppData/Local/Programs/Microsoft VS Code/resources/app/extensions/ms-vscode-remote.remote-wsl-recommender/dist/extension.js
[2021-08-28 18:05:11.196] [exthost] [info] ExtensionService#_doActivateExtension esbenp.prettier-vscode {"startup":false,"extensionId":{"value":"esbenp.prettier-vscode","_lower":"esbenp.prettier-vscode"},"activationEvent":"onStartupFinished"}
[2021-08-28 18:05:11.196] [exthost] [info] ExtensionService#loadCommonJSModule file:///c:/Users/petooshkevich/.vscode/extensions/esbenp.prettier-vscode-8.1.0/dist/extension
[2021-08-28 18:06:21.779] [exthost] [error] [ecmel.vscode-html-css] provider FAILED
[2021-08-28 18:06:21.779] [exthost] [error] undefined
[2021-08-28 18:06:24.232] [exthost] [error] [ecmel.vscode-html-css] provider FAILED
[2021-08-28 18:06:24.232] [exthost] [error] undefined
[2021-08-28 18:06:27.984] [exthost] [error] [ecmel.vscode-html-css] provider FAILED
[2021-08-28 18:06:27.984] [exthost] [error] undefined
[2021-08-28 18:06:40.939] [exthost] [error] [ecmel.vscode-html-css] provider FAILED
[2021-08-28 18:06:40.939] [exthost] [error] undefined
