[Server(2556) %21default/] onInitialize
[Server(2556) %21default/] setupInitialStylemap
[Server(2556) %21default/] Document opened: index.html
[Server(2556) %21default/] Document changed: index.html
footer 495
  html 18 22
  head 37 41
  meta 47 51
  meta 75 79
  title 151 156
  title 174 179
  link 185 189
  link 247 251
  link 301 305
  head 356 360
  body 367 371
  div 377 380
  header 403 409
  header 427 433
  main 440 444
  main 460 464
  footer 471 477
  footer 495 501
footer is a "html tag"
style.scss has 1 symbols
  7:0    [5] body
_fonts.scss has 0 symbols
_normalize.scss has 56 symbols
  0:0    [5] tml
  12:0    [5] body
  15:0    [5] .page
  23:0    [5] main
  32:0    [5] h1
  45:0    [5] hr
  56:0    [5] pre
  68:0    [5] a
  77:0    [5] abbr[title]
  87:0    [5] b
  87:0    [5] strong
  97:0    [5] code
  97:0    [5] kbd
  97:0    [5] samp
  108:0    [5] small
  117:0    [5] sub
  117:0    [5] sup
  125:0    [5] sub
  129:0    [5] sup
  140:0    [5] img
  152:0    [5] button
  152:0    [5] input
  152:0    [5] optgroup
  152:0    [5] select
  152:0    [5] textarea
  168:0    [5] button
  168:0    [5] input
  179:0    [5] button
  179:0    [5] select
  189:0    [5] button
  189:0    [5] [type="button"]
  189:0    [5] [type="reset"]
  189:0    [5] [type="submit"]
  200:0    [5] button::-moz-focus-inner
  200:0    [5] [type="button"]::-moz-focus-inner
  200:0    [5] [type="reset"]::-moz-focus-inner
  200:0    [5] [type="submit"]::-moz-focus-inner
  212:0    [5] button:-moz-focusring
  212:0    [5] [type="button"]:-moz-focusring
  212:0    [5] [type="reset"]:-moz-focusring
  212:0    [5] [type="submit"]:-moz-focusring
  223:0    [5] fieldset
  234:0    [5] legend
  247:0    [5] progress
  255:0    [5] textarea
  264:0    [5] [type="checkbox"]
  264:0    [5] [type="radio"]
  274:0    [5] [type="number"]::-webkit-inner-spin-button
  274:0    [5] [type="number"]::-webkit-outer-spin-button
  284:0    [5] [type="search"]
  293:0    [5] [type="search"]::-webkit-search-decoration
  302:0    [5] ::-webkit-file-upload-button
  314:0    [5] details
  322:0    [5] summary
  333:0    [5] template
  341:0    [5] [hidden]
_media.scss has 1 symbols
  0:0    [2] @media (max-width: 1920px)
_libs.scss has 0 symbols
_global.scss has 14 symbols
  0:0    [5] html
  0:0    [5] body
  10:0    [5] .main
  13:0    [5] .footer
  16:0    [5] .off
  22:0    [5] .wrapper
  27:0    [5] .container
  32:0    [5] .container-fluid
  40:0    [5] h1
  40:0    [5] h2
  40:0    [5] h3
  40:0    [5] h4
  48:0    [5] a
  54:0    [5] label
_reset.scss has 52 symbols
  0:0    [5] html
  3:0    [5] html
  3:0    [5] body
  15:0    [5] *
  20:0    [5] *
  20:0    [5] *::after
  20:0    [5] *::before
  27:0    [5] :focus
  27:0    [5] :active
  31:0    [5] a:focus
  31:0    [5] a:active
  35:0    [5] nav
  35:0    [5] footer
  35:0    [5] header
  35:0    [5] aside
  42:0    [5] ul[class]
  42:0    [5] ol[class]
  47:0    [5] body
  47:0    [5] h1
  47:0    [5] h2
  47:0    [5] h3
  47:0    [5] h4
  47:0    [5] h5
  47:0    [5] h6
  47:0    [5] p
  47:0    [5] ul
  47:0    [5] ol
  47:0    [5] li
  47:0    [5] figure
  47:0    [5] figcaption
  47:0    [5] blockquote
  47:0    [5] dl
  47:0    [5] dd
  65:0    [5] h1
  65:0    [5] h2
  65:0    [5] h3
  65:0    [5] h4
  65:0    [5] h5
  65:0    [5] h6
  75:0    [5] ul li
  75:0    [5] ul[class]
  80:0    [5] a
  80:0    [5] a:visited
  80:0    [5] a:hover
  86:0    [5] img
  93:0    [5] input
  93:0    [5] button
  93:0    [5] textarea
  93:0    [5] select
  100:0    [5] input::-ms-clear
  103:0    [5] button
  106:0    [5] button::-moz-focus-inner
_vars.scss has 6 symbols
  0:0    [13] $color1
  1:0    [13] $color2
  2:0    [13] $color3
  3:0    [13] $color-bg1
  5:0    [5] %font-base
  12:0    [5] %font-title
footer 495
  html 18 22
  head 37 41
  meta 47 51
  meta 75 79
  title 151 156
  title 174 179
  link 185 189
  link 247 251
  link 301 305
  head 356 360
  body 367 371
  div 377 380
  header 403 409
  header 427 433
  main 440 444
  main 460 464
  footer 471 477
  footer 495 501
footer is a "html tag"
style.scss has 1 symbols
  7:0    [5] body
_fonts.scss has 0 symbols
_normalize.scss has 56 symbols
  0:0    [5] tml
  12:0    [5] body
  15:0    [5] .page
  23:0    [5] main
  32:0    [5] h1
  45:0    [5] hr
  56:0    [5] pre
  68:0    [5] a
  77:0    [5] abbr[title]
  87:0    [5] b
  87:0    [5] strong
  97:0    [5] code
  97:0    [5] kbd
  97:0    [5] samp
  108:0    [5] small
  117:0    [5] sub
  117:0    [5] sup
  125:0    [5] sub
  129:0    [5] sup
  140:0    [5] img
  152:0    [5] button
  152:0    [5] input
  152:0    [5] optgroup
  152:0    [5] select
  152:0    [5] textarea
  168:0    [5] button
  168:0    [5] input
  179:0    [5] button
  179:0    [5] select
  189:0    [5] button
  189:0    [5] [type="button"]
  189:0    [5] [type="reset"]
  189:0    [5] [type="submit"]
  200:0    [5] button::-moz-focus-inner
  200:0    [5] [type="button"]::-moz-focus-inner
  200:0    [5] [type="reset"]::-moz-focus-inner
  200:0    [5] [type="submit"]::-moz-focus-inner
  212:0    [5] button:-moz-focusring
  212:0    [5] [type="button"]:-moz-focusring
  212:0    [5] [type="reset"]:-moz-focusring
  212:0    [5] [type="submit"]:-moz-focusring
  223:0    [5] fieldset
  234:0    [5] legend
  247:0    [5] progress
  255:0    [5] textarea
  264:0    [5] [type="checkbox"]
  264:0    [5] [type="radio"]
  274:0    [5] [type="number"]::-webkit-inner-spin-button
  274:0    [5] [type="number"]::-webkit-outer-spin-button
  284:0    [5] [type="search"]
  293:0    [5] [type="search"]::-webkit-search-decoration
  302:0    [5] ::-webkit-file-upload-button
  314:0    [5] details
  322:0    [5] summary
  333:0    [5] template
  341:0    [5] [hidden]
_media.scss has 1 symbols
  0:0    [2] @media (max-width: 1920px)
_libs.scss has 0 symbols
_global.scss has 14 symbols
  0:0    [5] html
  0:0    [5] body
  10:0    [5] .main
  13:0    [5] .footer
  16:0    [5] .off
  22:0    [5] .wrapper
  27:0    [5] .container
  32:0    [5] .container-fluid
  40:0    [5] h1
  40:0    [5] h2
  40:0    [5] h3
  40:0    [5] h4
  48:0    [5] a
  54:0    [5] label
_reset.scss has 52 symbols
  0:0    [5] html
  3:0    [5] html
  3:0    [5] body
  15:0    [5] *
  20:0    [5] *
  20:0    [5] *::after
  20:0    [5] *::before
  27:0    [5] :focus
  27:0    [5] :active
  31:0    [5] a:focus
  31:0    [5] a:active
  35:0    [5] nav
  35:0    [5] footer
  35:0    [5] header
  35:0    [5] aside
  42:0    [5] ul[class]
  42:0    [5] ol[class]
  47:0    [5] body
  47:0    [5] h1
  47:0    [5] h2
  47:0    [5] h3
  47:0    [5] h4
  47:0    [5] h5
  47:0    [5] h6
  47:0    [5] p
  47:0    [5] ul
  47:0    [5] ol
  47:0    [5] li
  47:0    [5] figure
  47:0    [5] figcaption
  47:0    [5] blockquote
  47:0    [5] dl
  47:0    [5] dd
  65:0    [5] h1
  65:0    [5] h2
  65:0    [5] h3
  65:0    [5] h4
  65:0    [5] h5
  65:0    [5] h6
  75:0    [5] ul li
  75:0    [5] ul[class]
  80:0    [5] a
  80:0    [5] a:visited
  80:0    [5] a:hover
  86:0    [5] img
  93:0    [5] input
  93:0    [5] button
  93:0    [5] textarea
  93:0    [5] select
  100:0    [5] input::-ms-clear
  103:0    [5] button
  106:0    [5] button::-moz-focus-inner
_vars.scss has 6 symbols
  0:0    [13] $color1
  1:0    [13] $color2
  2:0    [13] $color3
  3:0    [13] $color-bg1
  5:0    [5] %font-base
  12:0    [5] %font-title
footer 485
  html 18 22
  head 37 41
  meta 47 51
  meta 75 79
  title 151 156
  title 174 179
  link 185 189
  link 247 251
  link 301 305
  head 356 360
  body 367 371
  div 377 380
  header 403 409
  header 427 433
  main 440 444
  main 460 464
  footer 471 477
footer is a "class"
style.scss has 1 symbols
  7:0    [5] body
_fonts.scss has 0 symbols
_normalize.scss has 56 symbols
  0:0    [5] tml
  12:0    [5] body
  15:0    [5] .page
  23:0    [5] main
  32:0    [5] h1
  45:0    [5] hr
  56:0    [5] pre
  68:0    [5] a
  77:0    [5] abbr[title]
  87:0    [5] b
  87:0    [5] strong
  97:0    [5] code
  97:0    [5] kbd
  97:0    [5] samp
  108:0    [5] small
  117:0    [5] sub
  117:0    [5] sup
  125:0    [5] sub
  129:0    [5] sup
  140:0    [5] img
  152:0    [5] button
  152:0    [5] input
  152:0    [5] optgroup
  152:0    [5] select
  152:0    [5] textarea
  168:0    [5] button
  168:0    [5] input
  179:0    [5] button
  179:0    [5] select
  189:0    [5] button
  189:0    [5] [type="button"]
  189:0    [5] [type="reset"]
  189:0    [5] [type="submit"]
  200:0    [5] button::-moz-focus-inner
  200:0    [5] [type="button"]::-moz-focus-inner
  200:0    [5] [type="reset"]::-moz-focus-inner
  200:0    [5] [type="submit"]::-moz-focus-inner
  212:0    [5] button:-moz-focusring
  212:0    [5] [type="button"]:-moz-focusring
  212:0    [5] [type="reset"]:-moz-focusring
  212:0    [5] [type="submit"]:-moz-focusring
  223:0    [5] fieldset
  234:0    [5] legend
  247:0    [5] progress
  255:0    [5] textarea
  264:0    [5] [type="checkbox"]
  264:0    [5] [type="radio"]
  274:0    [5] [type="number"]::-webkit-inner-spin-button
  274:0    [5] [type="number"]::-webkit-outer-spin-button
  284:0    [5] [type="search"]
  293:0    [5] [type="search"]::-webkit-search-decoration
  302:0    [5] ::-webkit-file-upload-button
  314:0    [5] details
  322:0    [5] summary
  333:0    [5] template
  341:0    [5] [hidden]
_media.scss has 1 symbols
  0:0    [2] @media (max-width: 1920px)
_libs.scss has 0 symbols
_global.scss has 14 symbols
  0:0    [5] html
  0:0    [5] body
  10:0    [5] .main
  13:0    [5] .footer
  16:0    [5] .off
  22:0    [5] .wrapper
  27:0    [5] .container
  32:0    [5] .container-fluid
  40:0    [5] h1
  40:0    [5] h2
  40:0    [5] h3
  40:0    [5] h4
  48:0    [5] a
  54:0    [5] label
_reset.scss has 52 symbols
  0:0    [5] html
  3:0    [5] html
  3:0    [5] body
  15:0    [5] *
  20:0    [5] *
  20:0    [5] *::after
  20:0    [5] *::before
  27:0    [5] :focus
  27:0    [5] :active
  31:0    [5] a:focus
  31:0    [5] a:active
  35:0    [5] nav
  35:0    [5] footer
  35:0    [5] header
  35:0    [5] aside
  42:0    [5] ul[class]
  42:0    [5] ol[class]
  47:0    [5] body
  47:0    [5] h1
  47:0    [5] h2
  47:0    [5] h3
  47:0    [5] h4
  47:0    [5] h5
  47:0    [5] h6
  47:0    [5] p
  47:0    [5] ul
  47:0    [5] ol
  47:0    [5] li
  47:0    [5] figure
  47:0    [5] figcaption
  47:0    [5] blockquote
  47:0    [5] dl
  47:0    [5] dd
  65:0    [5] h1
  65:0    [5] h2
  65:0    [5] h3
  65:0    [5] h4
  65:0    [5] h5
  65:0    [5] h6
  75:0    [5] ul li
  75:0    [5] ul[class]
  80:0    [5] a
  80:0    [5] a:visited
  80:0    [5] a:hover
  86:0    [5] img
  93:0    [5] input
  93:0    [5] button
  93:0    [5] textarea
  93:0    [5] select
  100:0    [5] input::-ms-clear
  103:0    [5] button
  106:0    [5] button::-moz-focus-inner
_vars.scss has 6 symbols
  0:0    [13] $color1
  1:0    [13] $color2
  2:0    [13] $color3
  3:0    [13] $color-bg1
  5:0    [5] %font-base
  12:0    [5] %font-title
[Server(2556) %21default/] Document changed: index.html
[Server(2556) %21default/] Document changed: index.html
f 485
  html 18 22
  head 37 41
  meta 47 51
  meta 75 79
  title 151 156
  title 174 179
  link 185 189
  link 247 251
  link 301 305
  head 356 360
  body 367 371
  div 377 380
  header 403 409
  header 427 433
  main 440 444
  main 460 464
  footer 471 477
f is a "class"
style.scss has 1 symbols
  7:0    [5] body
_fonts.scss has 0 symbols
_normalize.scss has 56 symbols
  0:0    [5] tml
  12:0    [5] body
  15:0    [5] .page
  23:0    [5] main
  32:0    [5] h1
  45:0    [5] hr
  56:0    [5] pre
  68:0    [5] a
  77:0    [5] abbr[title]
  87:0    [5] b
  87:0    [5] strong
  97:0    [5] code
  97:0    [5] kbd
  97:0    [5] samp
  108:0    [5] small
  117:0    [5] sub
  117:0    [5] sup
  125:0    [5] sub
  129:0    [5] sup
  140:0    [5] img
  152:0    [5] button
  152:0    [5] input
  152:0    [5] optgroup
  152:0    [5] select
  152:0    [5] textarea
  168:0    [5] button
  168:0    [5] input
  179:0    [5] button
  179:0    [5] select
  189:0    [5] button
  189:0    [5] [type="button"]
  189:0    [5] [type="reset"]
  189:0    [5] [type="submit"]
  200:0    [5] button::-moz-focus-inner
  200:0    [5] [type="button"]::-moz-focus-inner
  200:0    [5] [type="reset"]::-moz-focus-inner
  200:0    [5] [type="submit"]::-moz-focus-inner
  212:0    [5] button:-moz-focusring
  212:0    [5] [type="button"]:-moz-focusring
  212:0    [5] [type="reset"]:-moz-focusring
  212:0    [5] [type="submit"]:-moz-focusring
  223:0    [5] fieldset
  234:0    [5] legend
  247:0    [5] progress
  255:0    [5] textarea
  264:0    [5] [type="checkbox"]
  264:0    [5] [type="radio"]
  274:0    [5] [type="number"]::-webkit-inner-spin-button
  274:0    [5] [type="number"]::-webkit-outer-spin-button
  284:0    [5] [type="search"]
  293:0    [5] [type="search"]::-webkit-search-decoration
  302:0    [5] ::-webkit-file-upload-button
  314:0    [5] details
  322:0    [5] summary
  333:0    [5] template
  341:0    [5] [hidden]
_media.scss has 1 symbols
  0:0    [2] @media (max-width: 1920px)
_libs.scss has 0 symbols
_global.scss has 14 symbols
  0:0    [5] html
  0:0    [5] body
  10:0    [5] .main
  13:0    [5] .footer
  16:0    [5] .off
  22:0    [5] .wrapper
  27:0    [5] .container
  32:0    [5] .container-fluid
  40:0    [5] h1
  40:0    [5] h2
  40:0    [5] h3
  40:0    [5] h4
  48:0    [5] a
  54:0    [5] label
_reset.scss has 52 symbols
  0:0    [5] html
  3:0    [5] html
  3:0    [5] body
  15:0    [5] *
  20:0    [5] *
  20:0    [5] *::after
  20:0    [5] *::before
  27:0    [5] :focus
  27:0    [5] :active
  31:0    [5] a:focus
  31:0    [5] a:active
  35:0    [5] nav
  35:0    [5] footer
  35:0    [5] header
  35:0    [5] aside
  42:0    [5] ul[class]
  42:0    [5] ol[class]
  47:0    [5] body
  47:0    [5] h1
  47:0    [5] h2
  47:0    [5] h3
  47:0    [5] h4
  47:0    [5] h5
  47:0    [5] h6
  47:0    [5] p
  47:0    [5] ul
  47:0    [5] ol
  47:0    [5] li
  47:0    [5] figure
  47:0    [5] figcaption
  47:0    [5] blockquote
  47:0    [5] dl
  47:0    [5] dd
  65:0    [5] h1
  65:0    [5] h2
  65:0    [5] h3
  65:0    [5] h4
  65:0    [5] h5
  65:0    [5] h6
  75:0    [5] ul li
  75:0    [5] ul[class]
  80:0    [5] a
  80:0    [5] a:visited
  80:0    [5] a:hover
  86:0    [5] img
  93:0    [5] input
  93:0    [5] button
  93:0    [5] textarea
  93:0    [5] select
  100:0    [5] input::-ms-clear
  103:0    [5] button
  106:0    [5] button::-moz-focus-inner
_vars.scss has 6 symbols
  0:0    [13] $color1
  1:0    [13] $color2
  2:0    [13] $color3
  3:0    [13] $color-bg1
  5:0    [5] %font-base
  12:0    [5] %font-title
[Server(2556) %21default/] Document changed: index.html
footer 485
  html 18 22
  head 37 41
  meta 47 51
  meta 75 79
  title 151 156
  title 174 179
  link 185 189
  link 247 251
  link 301 305
  head 356 360
  body 367 371
  div 377 380
  header 403 409
  header 427 433
  main 440 444
  main 460 464
  footer 471 477
footer is a "class"
style.scss has 1 symbols
  7:0    [5] body
_fonts.scss has 0 symbols
_normalize.scss has 56 symbols
  0:0    [5] tml
  12:0    [5] body
  15:0    [5] .page
  23:0    [5] main
  32:0    [5] h1
  45:0    [5] hr
  56:0    [5] pre
  68:0    [5] a
  77:0    [5] abbr[title]
  87:0    [5] b
  87:0    [5] strong
  97:0    [5] code
  97:0    [5] kbd
  97:0    [5] samp
  108:0    [5] small
  117:0    [5] sub
  117:0    [5] sup
  125:0    [5] sub
  129:0    [5] sup
  140:0    [5] img
  152:0    [5] button
  152:0    [5] input
  152:0    [5] optgroup
  152:0    [5] select
  152:0    [5] textarea
  168:0    [5] button
  168:0    [5] input
  179:0    [5] button
  179:0    [5] select
  189:0    [5] button
  189:0    [5] [type="button"]
  189:0    [5] [type="reset"]
  189:0    [5] [type="submit"]
  200:0    [5] button::-moz-focus-inner
  200:0    [5] [type="button"]::-moz-focus-inner
  200:0    [5] [type="reset"]::-moz-focus-inner
  200:0    [5] [type="submit"]::-moz-focus-inner
  212:0    [5] button:-moz-focusring
  212:0    [5] [type="button"]:-moz-focusring
  212:0    [5] [type="reset"]:-moz-focusring
  212:0    [5] [type="submit"]:-moz-focusring
  223:0    [5] fieldset
  234:0    [5] legend
  247:0    [5] progress
  255:0    [5] textarea
  264:0    [5] [type="checkbox"]
  264:0    [5] [type="radio"]
  274:0    [5] [type="number"]::-webkit-inner-spin-button
  274:0    [5] [type="number"]::-webkit-outer-spin-button
  284:0    [5] [type="search"]
  293:0    [5] [type="search"]::-webkit-search-decoration
  302:0    [5] ::-webkit-file-upload-button
  314:0    [5] details
  322:0    [5] summary
  333:0    [5] template
  341:0    [5] [hidden]
_media.scss has 1 symbols
  0:0    [2] @media (max-width: 1920px)
_libs.scss has 0 symbols
_global.scss has 14 symbols
  0:0    [5] html
  0:0    [5] body
  10:0    [5] .main
  13:0    [5] .footer
  16:0    [5] .off
  22:0    [5] .wrapper
  27:0    [5] .container
  32:0    [5] .container-fluid
  40:0    [5] h1
  40:0    [5] h2
  40:0    [5] h3
  40:0    [5] h4
  48:0    [5] a
  54:0    [5] label
_reset.scss has 52 symbols
  0:0    [5] html
  3:0    [5] html
  3:0    [5] body
  15:0    [5] *
  20:0    [5] *
  20:0    [5] *::after
  20:0    [5] *::before
  27:0    [5] :focus
  27:0    [5] :active
  31:0    [5] a:focus
  31:0    [5] a:active
  35:0    [5] nav
  35:0    [5] footer
  35:0    [5] header
  35:0    [5] aside
  42:0    [5] ul[class]
  42:0    [5] ol[class]
  47:0    [5] body
  47:0    [5] h1
  47:0    [5] h2
  47:0    [5] h3
  47:0    [5] h4
  47:0    [5] h5
  47:0    [5] h6
  47:0    [5] p
  47:0    [5] ul
  47:0    [5] ol
  47:0    [5] li
  47:0    [5] figure
  47:0    [5] figcaption
  47:0    [5] blockquote
  47:0    [5] dl
  47:0    [5] dd
  65:0    [5] h1
  65:0    [5] h2
  65:0    [5] h3
  65:0    [5] h4
  65:0    [5] h5
  65:0    [5] h6
  75:0    [5] ul li
  75:0    [5] ul[class]
  80:0    [5] a
  80:0    [5] a:visited
  80:0    [5] a:hover
  86:0    [5] img
  93:0    [5] input
  93:0    [5] button
  93:0    [5] textarea
  93:0    [5] select
  100:0    [5] input::-ms-clear
  103:0    [5] button
  106:0    [5] button::-moz-focus-inner
_vars.scss has 6 symbols
  0:0    [13] $color1
  1:0    [13] $color2
  2:0    [13] $color3
  3:0    [13] $color-bg1
  5:0    [5] %font-base
  12:0    [5] %font-title
js/script.min.js 529
  html 18 22
  head 37 41
  meta 47 51
  meta 75 79
  title 151 156
  title 174 179
  link 185 189
  link 247 251
  link 301 305
  head 356 360
  body 367 371
  div 377 380
  header 403 409
  header 427 433
  main 440 444
  main 460 464
  footer 471 477
  footer 495 501
  div 508 511
  script 517 523
  script 549 555
  body 561 565
  html 570 574
Invalid Selector
footer 485
  html 18 22
  head 37 41
  meta 47 51
  meta 75 79
  title 151 156
  title 174 179
  link 185 189
  link 247 251
  link 301 305
  head 356 360
  body 367 371
  div 377 380
  header 403 409
  header 427 433
  main 440 444
  main 460 464
  footer 471 477
footer is a "class"
style.scss has 1 symbols
  7:0    [5] body
_fonts.scss has 0 symbols
_normalize.scss has 56 symbols
  0:0    [5] tml
  12:0    [5] body
  15:0    [5] .page
  23:0    [5] main
  32:0    [5] h1
  45:0    [5] hr
  56:0    [5] pre
  68:0    [5] a
  77:0    [5] abbr[title]
  87:0    [5] b
  87:0    [5] strong
  97:0    [5] code
  97:0    [5] kbd
  97:0    [5] samp
  108:0    [5] small
  117:0    [5] sub
  117:0    [5] sup
  125:0    [5] sub
  129:0    [5] sup
  140:0    [5] img
  152:0    [5] button
  152:0    [5] input
  152:0    [5] optgroup
  152:0    [5] select
  152:0    [5] textarea
  168:0    [5] button
  168:0    [5] input
  179:0    [5] button
  179:0    [5] select
  189:0    [5] button
  189:0    [5] [type="button"]
  189:0    [5] [type="reset"]
  189:0    [5] [type="submit"]
  200:0    [5] button::-moz-focus-inner
  200:0    [5] [type="button"]::-moz-focus-inner
  200:0    [5] [type="reset"]::-moz-focus-inner
  200:0    [5] [type="submit"]::-moz-focus-inner
  212:0    [5] button:-moz-focusring
  212:0    [5] [type="button"]:-moz-focusring
  212:0    [5] [type="reset"]:-moz-focusring
  212:0    [5] [type="submit"]:-moz-focusring
  223:0    [5] fieldset
  234:0    [5] legend
  247:0    [5] progress
  255:0    [5] textarea
  264:0    [5] [type="checkbox"]
  264:0    [5] [type="radio"]
  274:0    [5] [type="number"]::-webkit-inner-spin-button
  274:0    [5] [type="number"]::-webkit-outer-spin-button
  284:0    [5] [type="search"]
  293:0    [5] [type="search"]::-webkit-search-decoration
  302:0    [5] ::-webkit-file-upload-button
  314:0    [5] details
  322:0    [5] summary
  333:0    [5] template
  341:0    [5] [hidden]
_media.scss has 1 symbols
  0:0    [2] @media (max-width: 1920px)
_libs.scss has 0 symbols
_global.scss has 14 symbols
  0:0    [5] html
  0:0    [5] body
  10:0    [5] .main
  13:0    [5] .footer
  16:0    [5] .off
  22:0    [5] .wrapper
  27:0    [5] .container
  32:0    [5] .container-fluid
  40:0    [5] h1
  40:0    [5] h2
  40:0    [5] h3
  40:0    [5] h4
  48:0    [5] a
  54:0    [5] label
_reset.scss has 52 symbols
  0:0    [5] html
  3:0    [5] html
  3:0    [5] body
  15:0    [5] *
  20:0    [5] *
  20:0    [5] *::after
  20:0    [5] *::before
  27:0    [5] :focus
  27:0    [5] :active
  31:0    [5] a:focus
  31:0    [5] a:active
  35:0    [5] nav
  35:0    [5] footer
  35:0    [5] header
  35:0    [5] aside
  42:0    [5] ul[class]
  42:0    [5] ol[class]
  47:0    [5] body
  47:0    [5] h1
  47:0    [5] h2
  47:0    [5] h3
  47:0    [5] h4
  47:0    [5] h5
  47:0    [5] h6
  47:0    [5] p
  47:0    [5] ul
  47:0    [5] ol
  47:0    [5] li
  47:0    [5] figure
  47:0    [5] figcaption
  47:0    [5] blockquote
  47:0    [5] dl
  47:0    [5] dd
  65:0    [5] h1
  65:0    [5] h2
  65:0    [5] h3
  65:0    [5] h4
  65:0    [5] h5
  65:0    [5] h6
  75:0    [5] ul li
  75:0    [5] ul[class]
  80:0    [5] a
  80:0    [5] a:visited
  80:0    [5] a:hover
  86:0    [5] img
  93:0    [5] input
  93:0    [5] button
  93:0    [5] textarea
  93:0    [5] select
  100:0    [5] input::-ms-clear
  103:0    [5] button
  106:0    [5] button::-moz-focus-inner
_vars.scss has 6 symbols
  0:0    [13] $color1
  1:0    [13] $color2
  2:0    [13] $color3
  3:0    [13] $color-bg1
  5:0    [5] %font-base
  12:0    [5] %font-title
footer 485
  html 18 22
  head 37 41
  meta 47 51
  meta 75 79
  title 151 156
  title 174 179
  link 185 189
  link 247 251
  link 301 305
  head 356 360
  body 367 371
  div 377 380
  header 403 409
  header 427 433
  main 440 444
  main 460 464
  footer 471 477
footer is a "class"
style.scss has 1 symbols
  7:0    [5] body
_fonts.scss has 0 symbols
_normalize.scss has 56 symbols
  0:0    [5] tml
  12:0    [5] body
  15:0    [5] .page
  23:0    [5] main
  32:0    [5] h1
  45:0    [5] hr
  56:0    [5] pre
  68:0    [5] a
  77:0    [5] abbr[title]
  87:0    [5] b
  87:0    [5] strong
  97:0    [5] code
  97:0    [5] kbd
  97:0    [5] samp
  108:0    [5] small
  117:0    [5] sub
  117:0    [5] sup
  125:0    [5] sub
  129:0    [5] sup
  140:0    [5] img
  152:0    [5] button
  152:0    [5] input
  152:0    [5] optgroup
  152:0    [5] select
  152:0    [5] textarea
  168:0    [5] button
  168:0    [5] input
  179:0    [5] button
  179:0    [5] select
  189:0    [5] button
  189:0    [5] [type="button"]
  189:0    [5] [type="reset"]
  189:0    [5] [type="submit"]
  200:0    [5] button::-moz-focus-inner
  200:0    [5] [type="button"]::-moz-focus-inner
  200:0    [5] [type="reset"]::-moz-focus-inner
  200:0    [5] [type="submit"]::-moz-focus-inner
  212:0    [5] button:-moz-focusring
  212:0    [5] [type="button"]:-moz-focusring
  212:0    [5] [type="reset"]:-moz-focusring
  212:0    [5] [type="submit"]:-moz-focusring
  223:0    [5] fieldset
  234:0    [5] legend
  247:0    [5] progress
  255:0    [5] textarea
  264:0    [5] [type="checkbox"]
  264:0    [5] [type="radio"]
  274:0    [5] [type="number"]::-webkit-inner-spin-button
  274:0    [5] [type="number"]::-webkit-outer-spin-button
  284:0    [5] [type="search"]
  293:0    [5] [type="search"]::-webkit-search-decoration
  302:0    [5] ::-webkit-file-upload-button
  314:0    [5] details
  322:0    [5] summary
  333:0    [5] template
  341:0    [5] [hidden]
_media.scss has 1 symbols
  0:0    [2] @media (max-width: 1920px)
_libs.scss has 0 symbols
_global.scss has 14 symbols
  0:0    [5] html
  0:0    [5] body
  10:0    [5] .main
  13:0    [5] .footer
  16:0    [5] .off
  22:0    [5] .wrapper
  27:0    [5] .container
  32:0    [5] .container-fluid
  40:0    [5] h1
  40:0    [5] h2
  40:0    [5] h3
  40:0    [5] h4
  48:0    [5] a
  54:0    [5] label
_reset.scss has 52 symbols
  0:0    [5] html
  3:0    [5] html
  3:0    [5] body
  15:0    [5] *
  20:0    [5] *
  20:0    [5] *::after
  20:0    [5] *::before
  27:0    [5] :focus
  27:0    [5] :active
  31:0    [5] a:focus
  31:0    [5] a:active
  35:0    [5] nav
  35:0    [5] footer
  35:0    [5] header
  35:0    [5] aside
  42:0    [5] ul[class]
  42:0    [5] ol[class]
  47:0    [5] body
  47:0    [5] h1
  47:0    [5] h2
  47:0    [5] h3
  47:0    [5] h4
  47:0    [5] h5
  47:0    [5] h6
  47:0    [5] p
  47:0    [5] ul
  47:0    [5] ol
  47:0    [5] li
  47:0    [5] figure
  47:0    [5] figcaption
  47:0    [5] blockquote
  47:0    [5] dl
  47:0    [5] dd
  65:0    [5] h1
  65:0    [5] h2
  65:0    [5] h3
  65:0    [5] h4
  65:0    [5] h5
  65:0    [5] h6
  75:0    [5] ul li
  75:0    [5] ul[class]
  80:0    [5] a
  80:0    [5] a:visited
  80:0    [5] a:hover
  86:0    [5] img
  93:0    [5] input
  93:0    [5] button
  93:0    [5] textarea
  93:0    [5] select
  100:0    [5] input::-ms-clear
  103:0    [5] button
  106:0    [5] button::-moz-focus-inner
_vars.scss has 6 symbols
  0:0    [13] $color1
  1:0    [13] $color2
  2:0    [13] $color3
  3:0    [13] $color-bg1
  5:0    [5] %font-base
  12:0    [5] %font-title
footer 485
  html 18 22
  head 37 41
  meta 47 51
  meta 75 79
  title 151 156
  title 174 179
  link 185 189
  link 247 251
  link 301 305
  head 356 360
  body 367 371
  div 377 380
  header 403 409
  header 427 433
  main 440 444
  main 460 464
  footer 471 477
footer is a "class"
style.scss has 1 symbols
  7:0    [5] body
_fonts.scss has 0 symbols
_normalize.scss has 56 symbols
  0:0    [5] tml
  12:0    [5] body
  15:0    [5] .page
  23:0    [5] main
  32:0    [5] h1
  45:0    [5] hr
  56:0    [5] pre
  68:0    [5] a
  77:0    [5] abbr[title]
  87:0    [5] b
  87:0    [5] strong
  97:0    [5] code
  97:0    [5] kbd
  97:0    [5] samp
  108:0    [5] small
  117:0    [5] sub
  117:0    [5] sup
  125:0    [5] sub
  129:0    [5] sup
  140:0    [5] img
  152:0    [5] button
  152:0    [5] input
  152:0    [5] optgroup
  152:0    [5] select
  152:0    [5] textarea
  168:0    [5] button
  168:0    [5] input
  179:0    [5] button
  179:0    [5] select
  189:0    [5] button
  189:0    [5] [type="button"]
  189:0    [5] [type="reset"]
  189:0    [5] [type="submit"]
  200:0    [5] button::-moz-focus-inner
  200:0    [5] [type="button"]::-moz-focus-inner
  200:0    [5] [type="reset"]::-moz-focus-inner
  200:0    [5] [type="submit"]::-moz-focus-inner
  212:0    [5] button:-moz-focusring
  212:0    [5] [type="button"]:-moz-focusring
  212:0    [5] [type="reset"]:-moz-focusring
  212:0    [5] [type="submit"]:-moz-focusring
  223:0    [5] fieldset
  234:0    [5] legend
  247:0    [5] progress
  255:0    [5] textarea
  264:0    [5] [type="checkbox"]
  264:0    [5] [type="radio"]
  274:0    [5] [type="number"]::-webkit-inner-spin-button
  274:0    [5] [type="number"]::-webkit-outer-spin-button
  284:0    [5] [type="search"]
  293:0    [5] [type="search"]::-webkit-search-decoration
  302:0    [5] ::-webkit-file-upload-button
  314:0    [5] details
  322:0    [5] summary
  333:0    [5] template
  341:0    [5] [hidden]
_media.scss has 1 symbols
  0:0    [2] @media (max-width: 1920px)
_libs.scss has 0 symbols
_global.scss has 14 symbols
  0:0    [5] html
  0:0    [5] body
  10:0    [5] .main
  13:0    [5] .footer
  16:0    [5] .off
  22:0    [5] .wrapper
  27:0    [5] .container
  32:0    [5] .container-fluid
  40:0    [5] h1
  40:0    [5] h2
  40:0    [5] h3
  40:0    [5] h4
  48:0    [5] a
  54:0    [5] label
_reset.scss has 52 symbols
  0:0    [5] html
  3:0    [5] html
  3:0    [5] body
  15:0    [5] *
  20:0    [5] *
  20:0    [5] *::after
  20:0    [5] *::before
  27:0    [5] :focus
  27:0    [5] :active
  31:0    [5] a:focus
  31:0    [5] a:active
  35:0    [5] nav
  35:0    [5] footer
  35:0    [5] header
  35:0    [5] aside
  42:0    [5] ul[class]
  42:0    [5] ol[class]
  47:0    [5] body
  47:0    [5] h1
  47:0    [5] h2
  47:0    [5] h3
  47:0    [5] h4
  47:0    [5] h5
  47:0    [5] h6
  47:0    [5] p
  47:0    [5] ul
  47:0    [5] ol
  47:0    [5] li
  47:0    [5] figure
  47:0    [5] figcaption
  47:0    [5] blockquote
  47:0    [5] dl
  47:0    [5] dd
  65:0    [5] h1
  65:0    [5] h2
  65:0    [5] h3
  65:0    [5] h4
  65:0    [5] h5
  65:0    [5] h6
  75:0    [5] ul li
  75:0    [5] ul[class]
  80:0    [5] a
  80:0    [5] a:visited
  80:0    [5] a:hover
  86:0    [5] img
  93:0    [5] input
  93:0    [5] button
  93:0    [5] textarea
  93:0    [5] select
  100:0    [5] input::-ms-clear
  103:0    [5] button
  106:0    [5] button::-moz-focus-inner
_vars.scss has 6 symbols
  0:0    [13] $color1
  1:0    [13] $color2
  2:0    [13] $color3
  3:0    [13] $color-bg1
  5:0    [5] %font-base
  12:0    [5] %font-title
footer 495
  html 18 22
  head 37 41
  meta 47 51
  meta 75 79
  title 151 156
  title 174 179
  link 185 189
  link 247 251
  link 301 305
  head 356 360
  body 367 371
  div 377 380
  header 403 409
  header 427 433
  main 440 444
  main 460 464
  footer 471 477
  footer 495 501
footer is a "html tag"
style.scss has 1 symbols
  7:0    [5] body
_fonts.scss has 0 symbols
_normalize.scss has 56 symbols
  0:0    [5] tml
  12:0    [5] body
  15:0    [5] .page
  23:0    [5] main
  32:0    [5] h1
  45:0    [5] hr
  56:0    [5] pre
  68:0    [5] a
  77:0    [5] abbr[title]
  87:0    [5] b
  87:0    [5] strong
  97:0    [5] code
  97:0    [5] kbd
  97:0    [5] samp
  108:0    [5] small
  117:0    [5] sub
  117:0    [5] sup
  125:0    [5] sub
  129:0    [5] sup
  140:0    [5] img
  152:0    [5] button
  152:0    [5] input
  152:0    [5] optgroup
  152:0    [5] select
  152:0    [5] textarea
  168:0    [5] button
  168:0    [5] input
  179:0    [5] button
  179:0    [5] select
  189:0    [5] button
  189:0    [5] [type="button"]
  189:0    [5] [type="reset"]
  189:0    [5] [type="submit"]
  200:0    [5] button::-moz-focus-inner
  200:0    [5] [type="button"]::-moz-focus-inner
  200:0    [5] [type="reset"]::-moz-focus-inner
  200:0    [5] [type="submit"]::-moz-focus-inner
  212:0    [5] button:-moz-focusring
  212:0    [5] [type="button"]:-moz-focusring
  212:0    [5] [type="reset"]:-moz-focusring
  212:0    [5] [type="submit"]:-moz-focusring
  223:0    [5] fieldset
  234:0    [5] legend
  247:0    [5] progress
  255:0    [5] textarea
  264:0    [5] [type="checkbox"]
  264:0    [5] [type="radio"]
  274:0    [5] [type="number"]::-webkit-inner-spin-button
  274:0    [5] [type="number"]::-webkit-outer-spin-button
  284:0    [5] [type="search"]
  293:0    [5] [type="search"]::-webkit-search-decoration
  302:0    [5] ::-webkit-file-upload-button
  314:0    [5] details
  322:0    [5] summary
  333:0    [5] template
  341:0    [5] [hidden]
_media.scss has 1 symbols
  0:0    [2] @media (max-width: 1920px)
_libs.scss has 0 symbols
_global.scss has 14 symbols
  0:0    [5] html
  0:0    [5] body
  10:0    [5] .main
  13:0    [5] .footer
  16:0    [5] .off
  22:0    [5] .wrapper
  27:0    [5] .container
  32:0    [5] .container-fluid
  40:0    [5] h1
  40:0    [5] h2
  40:0    [5] h3
  40:0    [5] h4
  48:0    [5] a
  54:0    [5] label
_reset.scss has 52 symbols
  0:0    [5] html
  3:0    [5] html
  3:0    [5] body
  15:0    [5] *
  20:0    [5] *
  20:0    [5] *::after
  20:0    [5] *::before
  27:0    [5] :focus
  27:0    [5] :active
  31:0    [5] a:focus
  31:0    [5] a:active
  35:0    [5] nav
  35:0    [5] footer
  35:0    [5] header
  35:0    [5] aside
  42:0    [5] ul[class]
  42:0    [5] ol[class]
  47:0    [5] body
  47:0    [5] h1
  47:0    [5] h2
  47:0    [5] h3
  47:0    [5] h4
  47:0    [5] h5
  47:0    [5] h6
  47:0    [5] p
  47:0    [5] ul
  47:0    [5] ol
  47:0    [5] li
  47:0    [5] figure
  47:0    [5] figcaption
  47:0    [5] blockquote
  47:0    [5] dl
  47:0    [5] dd
  65:0    [5] h1
  65:0    [5] h2
  65:0    [5] h3
  65:0    [5] h4
  65:0    [5] h5
  65:0    [5] h6
  75:0    [5] ul li
  75:0    [5] ul[class]
  80:0    [5] a
  80:0    [5] a:visited
  80:0    [5] a:hover
  86:0    [5] img
  93:0    [5] input
  93:0    [5] button
  93:0    [5] textarea
  93:0    [5] select
  100:0    [5] input::-ms-clear
  103:0    [5] button
  106:0    [5] button::-moz-focus-inner
_vars.scss has 6 symbols
  0:0    [13] $color1
  1:0    [13] $color2
  2:0    [13] $color3
  3:0    [13] $color-bg1
  5:0    [5] %font-base
  12:0    [5] %font-title
[Server(2556) %21default/] Document changed: index.html
[Server(2556) %21default/] Document changed: index.html
[Server(2556) %21default/] Document changed: index.html
[Server(2556) %21default/] Document changed: index.html
[Server(2556) %21default/] Document changed: index.html
[Server(2556) %21default/] Document changed: index.html
[Server(2556) %21default/] Document changed: index.html
title 151
  html 18 22
  head 37 41
  meta 47 51
  meta 75 79
  title 151 156
title is a "html tag"
style.scss has 1 symbols
  7:0    [5] body
_fonts.scss has 0 symbols
_normalize.scss has 56 symbols
  0:0    [5] tml
  12:0    [5] body
  15:0    [5] .page
  23:0    [5] main
  32:0    [5] h1
  45:0    [5] hr
  56:0    [5] pre
  68:0    [5] a
  77:0    [5] abbr[title]
  87:0    [5] b
  87:0    [5] strong
  97:0    [5] code
  97:0    [5] kbd
  97:0    [5] samp
  108:0    [5] small
  117:0    [5] sub
  117:0    [5] sup
  125:0    [5] sub
  129:0    [5] sup
  140:0    [5] img
  152:0    [5] button
  152:0    [5] input
  152:0    [5] optgroup
  152:0    [5] select
  152:0    [5] textarea
  168:0    [5] button
  168:0    [5] input
  179:0    [5] button
  179:0    [5] select
  189:0    [5] button
  189:0    [5] [type="button"]
  189:0    [5] [type="reset"]
  189:0    [5] [type="submit"]
  200:0    [5] button::-moz-focus-inner
  200:0    [5] [type="button"]::-moz-focus-inner
  200:0    [5] [type="reset"]::-moz-focus-inner
  200:0    [5] [type="submit"]::-moz-focus-inner
  212:0    [5] button:-moz-focusring
  212:0    [5] [type="button"]:-moz-focusring
  212:0    [5] [type="reset"]:-moz-focusring
  212:0    [5] [type="submit"]:-moz-focusring
  223:0    [5] fieldset
  234:0    [5] legend
  247:0    [5] progress
  255:0    [5] textarea
  264:0    [5] [type="checkbox"]
  264:0    [5] [type="radio"]
  274:0    [5] [type="number"]::-webkit-inner-spin-button
  274:0    [5] [type="number"]::-webkit-outer-spin-button
  284:0    [5] [type="search"]
  293:0    [5] [type="search"]::-webkit-search-decoration
  302:0    [5] ::-webkit-file-upload-button
  314:0    [5] details
  322:0    [5] summary
  333:0    [5] template
  341:0    [5] [hidden]
_media.scss has 1 symbols
  0:0    [2] @media (max-width: 1920px)
_libs.scss has 0 symbols
_global.scss has 14 symbols
  0:0    [5] html
  0:0    [5] body
  10:0    [5] .main
  13:0    [5] .footer
  16:0    [5] .off
  22:0    [5] .wrapper
  27:0    [5] .container
  32:0    [5] .container-fluid
  40:0    [5] h1
  40:0    [5] h2
  40:0    [5] h3
  40:0    [5] h4
  48:0    [5] a
  54:0    [5] label
_reset.scss has 52 symbols
  0:0    [5] html
  3:0    [5] html
  3:0    [5] body
  15:0    [5] *
  20:0    [5] *
  20:0    [5] *::after
  20:0    [5] *::before
  27:0    [5] :focus
  27:0    [5] :active
  31:0    [5] a:focus
  31:0    [5] a:active
  35:0    [5] nav
  35:0    [5] footer
  35:0    [5] header
  35:0    [5] aside
  42:0    [5] ul[class]
  42:0    [5] ol[class]
  47:0    [5] body
  47:0    [5] h1
  47:0    [5] h2
  47:0    [5] h3
  47:0    [5] h4
  47:0    [5] h5
  47:0    [5] h6
  47:0    [5] p
  47:0    [5] ul
  47:0    [5] ol
  47:0    [5] li
  47:0    [5] figure
  47:0    [5] figcaption
  47:0    [5] blockquote
  47:0    [5] dl
  47:0    [5] dd
  65:0    [5] h1
  65:0    [5] h2
  65:0    [5] h3
  65:0    [5] h4
  65:0    [5] h5
  65:0    [5] h6
  75:0    [5] ul li
  75:0    [5] ul[class]
  80:0    [5] a
  80:0    [5] a:visited
  80:0    [5] a:hover
  86:0    [5] img
  93:0    [5] input
  93:0    [5] button
  93:0    [5] textarea
  93:0    [5] select
  100:0    [5] input::-ms-clear
  103:0    [5] button
  106:0    [5] button::-moz-focus-inner
_vars.scss has 6 symbols
  0:0    [13] $color1
  1:0    [13] $color2
  2:0    [13] $color3
  3:0    [13] $color-bg1
  5:0    [5] %font-base
  12:0    [5] %font-title
[Server(2556) %21default/] Document changed: index.html
[Server(2556) %21default/] Document changed: index.html
[Server(2556) %21default/] Document changed: index.html
[Server(2556) %21default/] Document changed: index.html
[Server(2556) %21default/] Document changed: index.html
[Server(2556) %21default/] Document changed: index.html
[Server(2556) %21default/] Document changed: index.html
[Server(2556) %21default/] Document changed: index.html
[Server(2556) %21default/] Document changed: index.html
